mode: set
git.aetherial.dev/aeth/kyoketsu/cmd/kyoketsu/kyoketsu.go:48.13,55.18 5 0
git.aetherial.dev/aeth/kyoketsu/cmd/kyoketsu/kyoketsu.go:55.18,58.3 2 0
git.aetherial.dev/aeth/kyoketsu/cmd/kyoketsu/kyoketsu.go:59.2,59.17 1 0
git.aetherial.dev/aeth/kyoketsu/cmd/kyoketsu/kyoketsu.go:59.17,62.3 2 0
git.aetherial.dev/aeth/kyoketsu/cmd/kyoketsu/kyoketsu.go:63.2,67.16 5 0
git.aetherial.dev/aeth/kyoketsu/cmd/kyoketsu/kyoketsu.go:67.16,69.3 1 0
git.aetherial.dev/aeth/kyoketsu/cmd/kyoketsu/kyoketsu.go:70.2,71.28 2 0
git.aetherial.dev/aeth/kyoketsu/cmd/kyoketsu/kyoketsu.go:71.28,73.46 2 0
git.aetherial.dev/aeth/kyoketsu/cmd/kyoketsu/kyoketsu.go:73.46,76.35 3 0
git.aetherial.dev/aeth/kyoketsu/cmd/kyoketsu/kyoketsu.go:76.35,82.5 3 0
git.aetherial.dev/aeth/kyoketsu/cmd/kyoketsu/kyoketsu.go:87.2,87.11 1 0
git.aetherial.dev/aeth/kyoketsu/pkg/local.go:42.51,44.2 1 0
git.aetherial.dev/aeth/kyoketsu/pkg/local.go:58.38,60.16 2 1
git.aetherial.dev/aeth/kyoketsu/pkg/local.go:60.16,62.3 1 0
git.aetherial.dev/aeth/kyoketsu/pkg/local.go:63.2,63.31 1 1
git.aetherial.dev/aeth/kyoketsu/pkg/local.go:73.47,76.16 3 1
git.aetherial.dev/aeth/kyoketsu/pkg/local.go:76.16,78.3 1 0
git.aetherial.dev/aeth/kyoketsu/pkg/local.go:79.2,79.35 1 1
git.aetherial.dev/aeth/kyoketsu/pkg/local.go:92.44,99.27 4 1
git.aetherial.dev/aeth/kyoketsu/pkg/local.go:99.27,101.3 1 1
git.aetherial.dev/aeth/kyoketsu/pkg/local.go:102.2,105.23 3 1
git.aetherial.dev/aeth/kyoketsu/pkg/local.go:114.64,118.16 3 1
git.aetherial.dev/aeth/kyoketsu/pkg/local.go:118.16,120.3 1 1
git.aetherial.dev/aeth/kyoketsu/pkg/local.go:121.2,122.16 2 1
git.aetherial.dev/aeth/kyoketsu/pkg/local.go:122.16,124.3 1 0
git.aetherial.dev/aeth/kyoketsu/pkg/local.go:125.2,130.19 5 1
git.aetherial.dev/aeth/kyoketsu/pkg/scanner.go:58.58,62.28 3 1
git.aetherial.dev/aeth/kyoketsu/pkg/scanner.go:62.28,64.43 2 1
git.aetherial.dev/aeth/kyoketsu/pkg/scanner.go:64.43,67.4 2 1
git.aetherial.dev/aeth/kyoketsu/pkg/scanner.go:69.2,71.21 3 1
git.aetherial.dev/aeth/kyoketsu/pkg/scanner.go:71.21,72.23 1 1
git.aetherial.dev/aeth/kyoketsu/pkg/scanner.go:72.23,74.4 1 1
git.aetherial.dev/aeth/kyoketsu/pkg/scanner.go:77.2,77.13 1 1
git.aetherial.dev/aeth/kyoketsu/pkg/scanner.go:98.49,100.2 1 0
git.aetherial.dev/aeth/kyoketsu/pkg/scanner.go:109.73,112.16 3 1
git.aetherial.dev/aeth/kyoketsu/pkg/scanner.go:112.16,114.3 1 1
git.aetherial.dev/aeth/kyoketsu/pkg/scanner.go:115.2,116.91 2 1
git.aetherial.dev/aeth/kyoketsu/pkg/storage.go:54.57,59.15 4 0
git.aetherial.dev/aeth/kyoketsu/pkg/storage.go:59.15,60.47 1 0
git.aetherial.dev/aeth/kyoketsu/pkg/storage.go:60.47,61.14 1 0
git.aetherial.dev/aeth/kyoketsu/pkg/storage.go:64.2,64.35 1 0
git.aetherial.dev/aeth/kyoketsu/pkg/storage.go:67.70,69.2 1 0
git.aetherial.dev/aeth/kyoketsu/pkg/storage.go:71.53,73.2 1 0
git.aetherial.dev/aeth/kyoketsu/pkg/storage.go:75.68,77.2 1 0
git.aetherial.dev/aeth/kyoketsu/pkg/storage.go:79.56,81.2 1 0
